{
  "RSpec": {
    "coverage": {
      "/Users/rubykobayashi/Projects/Makers_wk4/bookmark_manager/app.rb": [
        null,
        null,
        1,
        1,
        null,
        1,
        1,
        1,
        null,
        null,
        1,
        null,
        null,
        2,
        null,
        null,
        null,
        null,
        2,
        null,
        null,
        1,
        1,
        null,
        null,
        1,
        1,
        1,
        null,
        null,
        1,
        null
      ],
      "/Users/rubykobayashi/Projects/Makers_wk4/bookmark_manager/lib/bookmark.rb": [
        1,
        null,
        null,
        1,
        1,
        null,
        1,
        16,
        16,
        16,
        null,
        null,
        1,
        4,
        4,
        null,
        0,
        null,
        null,
        null,
        null,
        null,
        4,
        4,
        8,
        null,
        null,
        null,
        null,
        null,
        null,
        1,
        8,
        8,
        null,
        0,
        null,
        8,
        8,
        null,
        null
      ],
      "/Users/rubykobayashi/Projects/Makers_wk4/bookmark_manager/spec/bookmark_spec.rb": [
        null,
        null,
        1,
        1,
        1,
        1,
        1,
        1,
        1,
        1,
        1,
        null,
        1,
        null,
        1,
        1,
        1,
        1,
        1,
        null,
        null,
        null,
        null,
        null,
        null,
        null,
        null,
        1,
        1,
        1,
        1,
        1,
        1,
        1,
        null,
        null,
        null
      ],
      "/Users/rubykobayashi/Projects/Makers_wk4/bookmark_manager/spec/database_helpers.rb": [
        null,
        null,
        1,
        null,
        1,
        1,
        1,
        1,
        null
      ],
      "/Users/rubykobayashi/Projects/Makers_wk4/bookmark_manager/spec/feature/add_bookmark_spec.rb": [
        1,
        null,
        null,
        null,
        null,
        null,
        null,
        1,
        1,
        1,
        1,
        1,
        1,
        1,
        1,
        null,
        null
      ],
      "/Users/rubykobayashi/Projects/Makers_wk4/bookmark_manager/spec/feature/bookmark_manager_spec.rb": [
        null,
        null,
        null,
        null,
        null,
        null,
        null,
        null,
        null,
        1,
        1,
        1,
        1,
        null,
        null,
        1,
        1,
        null,
        null,
        null,
        null,
        1,
        1,
        1,
        1,
        null,
        1,
        1,
        1,
        null,
        null,
        null
      ]
    },
    "timestamp": 1549016794
  }
}
